Global RMG Settings:
   test_data.directory  = /home/kblondal/Code/Main/RMG-Py/rmgpy/test_data (Default, relative to RMG-Py source code)
   database.directory   = /home/kblondal/Code/Main/RMG-database/input (Default, relative to RMG-Py source code)
RMG execution initiated at Mon Feb 25 12:46:48 2019

#########################################################
# RMG-Py - Reaction Mechanism Generator in Python       #
# Version: 2.3.0                                        #
# Authors: RMG Developers (rmg_dev@mit.edu)             #
# P.I.s:   William H. Green (whgreen@mit.edu)           #
#          Richard H. West (r.west@neu.edu)             #
# Website: http://reactionmechanismgenerator.github.io/ #
#########################################################

The current git HEAD for RMG-Py is:
	22b0d4eb82b9d0188f33cf4b5183ef5468948fae
	Sun Feb 24 16:34:50 2019 -0500

The current git HEAD for RMG-database is:
	cdad234f86dad6c0c22390c7944b313ce317dd02
	Fri Feb 1 11:56:09 2019 -0500

Reading input file "/home/kblondal/Code/Cat/RMG-Py/cat_inputfiles/190225_methane_nocat/input.py"...
#Data sources
database(
    thermoLibraries=['primaryThermoLibrary', 'thermo_DFT_CCSDTF12_BAC','DFT_QCI_thermo'],
    #reactionLibraries = [('CPOX_Pt/Deutschmann2006', False),('BurkeH2O2inN2',False),('combustion_core/version5',False)],
    reactionLibraries = [('BurkeH2O2inN2',False),('ERC-FoundationFuelv0.9',False),('NOx2018',False)],
    #reactionLibraries = [('Surface/CPOX_Pt/Deutschmann2006', False),('BurkeH2O2inN2',False),('ERC-FoundationFuelv0.9',False)],
    seedMechanisms = [],
    kineticsDepositories = ['training'],
    kineticsFamilies =['default'],
    kineticsEstimator = 'rate rules',
)

generatedSpeciesConstraints(
    allowed=['reaction libraries'],
)



# List of species
#species(
#    label='X',
#    reactive=True,
#    structure=adjacencyList("1 X u0"),
#)

species(
    label='CH4',
    reactive=True,
    structure=SMILES("[CH4]"),
)
species(
   label='O2',
   reactive=True,
   structure=adjacencyList(
       """
1 O u1 p2 c0 {2,S}
2 O u1 p2 c0 {1,S}
"""),
)

species(
    label='N2',
    reactive=False,
    structure=SMILES("N#N"),
)


#----------

simpleReactor(
    temperature=(800,'K'),
    pessure=(1.0, 'bar'),
    initialMoleFractions={
        "CH4": 0.0500,
        "O2": 0.1995,
        "N2": 0.7505,
    },
    terminationConversion = { "CH4":0.9,}
#    terminationTime=(1000., 's'),
#    terminationConversion={'O2': 0.99,}
)

simpleReactor(
    temperature=(1500,'K'),
    pressure=(1.0, 'bar'),
    initialMoleFractions={
        "CH4": 0.0500,
        "O2": 0.1995,
        "N2": 0.7505,
    },
    terminationConversion = { "CH4":0.9,}
#    terminationTime=(1000., 's'),
#    terminationConversion={'O2': 0.99,}
)



simulator(
    atol=1e-18,
    rtol=1e-12,
)

model(
    toleranceKeepInEdge=0.01,
    toleranceMoveToCore=1e-4,
    toleranceInterruptSimulation=0.1,
    maximumEdgeSpecies=100000
)

options(
    units='si',
    saveRestartPeriod=None,
    generateOutputHTML=True,
    generatePlots=False,
    saveEdgeSpecies=True,
    saveSimulationProfiles=True,
)


Error: The input file "/home/kblondal/Code/Cat/RMG-Py/cat_inputfiles/190225_methane_nocat/input.py" was invalid:
Error: simpleReactor() got an unexpected keyword argument 'pessure'
Traceback (most recent call last):
  File "/home/kblondal/Code/Main/RMG-Py/rmgpy/rmg/input.py", line 596, in readInputFile
    exec f in global_context, local_context
  File "/home/kblondal/Code/Cat/RMG-Py/cat_inputfiles/190225_methane_nocat/input.py", line 58, in <module>
    terminationConversion = { "CH4":0.9,}
TypeError: simpleReactor() got an unexpected keyword argument 'pessure'
